<?xml version="1.0" encoding="UTF-8"?>
<coverage generated="1653018069205" clover="3.2.0">
  <project timestamp="1653018069205" name="All files">
    <metrics statements="65" coveredstatements="52" conditionals="42" coveredconditionals="31" methods="25" coveredmethods="19" elements="132" coveredelements="102" complexity="0" loc="65" ncloc="65" packages="2" files="4" classes="4"/>
    <package name="Questions_Answers">
      <metrics statements="43" coveredstatements="34" conditionals="28" coveredconditionals="20" methods="17" coveredmethods="13"/>
      <file name="AnswerVotingReporting.jsx" path="/Users/chris/Documents/HackReactor/FEC/client/src/components/Questions_Answers/AnswerVotingReporting.jsx">
        <metrics statements="20" coveredstatements="11" conditionals="6" coveredconditionals="1" methods="6" coveredmethods="2"/>
        <line num="4" count="1" type="stmt"/>
        <line num="5" count="54" type="stmt"/>
        <line num="6" count="54" type="stmt"/>
        <line num="7" count="54" type="stmt"/>
        <line num="8" count="54" type="stmt"/>
        <line num="10" count="54" type="stmt"/>
        <line num="11" count="36" type="stmt"/>
        <line num="12" count="36" type="stmt"/>
        <line num="13" count="36" type="stmt"/>
        <line num="15" count="36" type="stmt"/>
        <line num="19" count="0" type="cond" truecount="0" falsecount="2"/>
        <line num="20" count="0" type="stmt"/>
        <line num="22" count="0" type="stmt"/>
        <line num="23" count="0" type="stmt"/>
        <line num="24" count="0" type="stmt"/>
        <line num="29" count="0" type="cond" truecount="0" falsecount="2"/>
        <line num="30" count="0" type="stmt"/>
        <line num="32" count="0" type="stmt"/>
        <line num="33" count="0" type="stmt"/>
        <line num="37" count="54" type="stmt"/>
      </file>
      <file name="Answers.jsx" path="/Users/chris/Documents/HackReactor/FEC/client/src/components/Questions_Answers/Answers.jsx">
        <metrics statements="13" coveredstatements="13" conditionals="22" coveredconditionals="19" methods="3" coveredmethods="3"/>
        <line num="4" count="1" type="stmt"/>
        <line num="5" count="12" type="stmt"/>
        <line num="8" count="1" type="stmt"/>
        <line num="12" count="12" type="cond" truecount="2" falsecount="0"/>
        <line num="13" count="4" type="stmt"/>
        <line num="14" count="8" type="cond" truecount="4" falsecount="0"/>
        <line num="15" count="7" type="cond" truecount="2" falsecount="0"/>
        <line num="16" count="1" type="cond" truecount="3" falsecount="1"/>
        <line num="17" count="1" type="cond" truecount="1" falsecount="1"/>
        <line num="20" count="12" type="stmt"/>
        <line num="23" count="24" type="cond" truecount="2" falsecount="0"/>
        <line num="24" count="3" type="stmt"/>
        <line num="40" count="21" type="stmt"/>
      </file>
      <file name="SingleQA.jsx" path="/Users/chris/Documents/HackReactor/FEC/client/src/components/Questions_Answers/SingleQA.jsx">
        <metrics statements="10" coveredstatements="10" conditionals="0" coveredconditionals="0" methods="8" coveredmethods="8"/>
        <line num="10" count="4" type="stmt"/>
        <line num="11" count="4" type="stmt"/>
        <line num="19" count="4" type="stmt"/>
        <line num="21" count="4" type="stmt"/>
        <line num="22" count="10" type="stmt"/>
        <line num="29" count="3" type="stmt"/>
        <line num="30" count="3" type="stmt"/>
        <line num="31" count="3" type="stmt"/>
        <line num="36" count="11" type="stmt"/>
        <line num="38" count="3" type="stmt"/>
      </file>
    </package>
    <package name="overview">
      <metrics statements="22" coveredstatements="18" conditionals="14" coveredconditionals="11" methods="8" coveredmethods="6"/>
      <file name="Gallery.js" path="/Users/chris/Documents/HackReactor/FEC/client/src/components/overview/Gallery.js">
        <metrics statements="22" coveredstatements="18" conditionals="14" coveredconditionals="11" methods="8" coveredmethods="6"/>
        <line num="8" count="1" type="stmt"/>
        <line num="10" count="6" type="stmt"/>
        <line num="12" count="6" type="stmt"/>
        <line num="13" count="2" type="cond" truecount="2" falsecount="0"/>
        <line num="14" count="1" type="cond" truecount="1" falsecount="1"/>
        <line num="15" count="1" type="stmt"/>
        <line num="18" count="0" type="stmt"/>
        <line num="20" count="1" type="cond" truecount="1" falsecount="1"/>
        <line num="21" count="1" type="cond" truecount="1" falsecount="1"/>
        <line num="22" count="0" type="stmt"/>
        <line num="25" count="1" type="stmt"/>
        <line num="30" count="6" type="stmt"/>
        <line num="31" count="0" type="stmt"/>
        <line num="34" count="6" type="stmt"/>
        <line num="35" count="6" type="cond" truecount="2" falsecount="0"/>
        <line num="36" count="5" type="stmt"/>
        <line num="37" count="10" type="stmt"/>
        <line num="39" count="0" type="stmt"/>
        <line num="45" count="1" type="stmt"/>
        <line num="53" count="6" type="stmt"/>
        <line num="63" count="1" type="stmt"/>
        <line num="69" count="1" type="stmt"/>
      </file>
    </package>
  </project>
</coverage>
