{"/Users/kevinon/Documents/Work/FEC/config.js": {"path":"/Users/kevinon/Documents/Work/FEC/config.js","statementMap":{"0":{"start":{"line":1,"column":0},"end":{"line":3,"column":1}}},"fnMap":{},"branchMap":{},"s":{"0":1},"f":{},"b":{},"_coverageSchema":"1a1c01bbd47fc00a2c39e90264f33305004495a9","hash":"8546e3f856cf4df8fc5f53b6d88307e8d7075fad"}
,"/Users/kevinon/Documents/Work/FEC/client/src/components/Questions_Answers/AnswerVotingReporting.jsx": {"path":"/Users/kevinon/Documents/Work/FEC/client/src/components/Questions_Answers/AnswerVotingReporting.jsx","statementMap":{"0":{"start":{"line":4,"column":28},"end":{"line":44,"column":1}},"1":{"start":{"line":5,"column":28},"end":{"line":5,"column":43}},"2":{"start":{"line":6,"column":34},"end":{"line":6,"column":49}},"3":{"start":{"line":7,"column":40},"end":{"line":7,"column":67}},"4":{"start":{"line":8,"column":26},"end":{"line":8,"column":46}},"5":{"start":{"line":10,"column":2},"end":{"line":16,"column":5}},"6":{"start":{"line":11,"column":14},"end":{"line":11,"column":71}},"7":{"start":{"line":12,"column":4},"end":{"line":12,"column":62}},"8":{"start":{"line":13,"column":4},"end":{"line":13,"column":25}},"9":{"start":{"line":14,"column":4},"end":{"line":14,"column":20}},"10":{"start":{"line":15,"column":4},"end":{"line":15,"column":46}},"11":{"start":{"line":19,"column":4},"end":{"line":25,"column":5}},"12":{"start":{"line":20,"column":6},"end":{"line":20,"column":21}},"13":{"start":{"line":22,"column":6},"end":{"line":22,"column":37}},"14":{"start":{"line":23,"column":6},"end":{"line":24,"column":42}},"15":{"start":{"line":24,"column":24},"end":{"line":24,"column":40}},"16":{"start":{"line":29,"column":4},"end":{"line":34,"column":5}},"17":{"start":{"line":30,"column":6},"end":{"line":30,"column":24}},"18":{"start":{"line":32,"column":6},"end":{"line":33,"column":42}},"19":{"start":{"line":33,"column":24},"end":{"line":33,"column":40}},"20":{"start":{"line":37,"column":2},"end":{"line":43,"column":3}}},"fnMap":{"0":{"name":"(anonymous_0)","decl":{"start":{"line":4,"column":28},"end":{"line":4,"column":29}},"loc":{"start":{"line":4,"column":39},"end":{"line":44,"column":1}},"line":4},"1":{"name":"(anonymous_1)","decl":{"start":{"line":10,"column":12},"end":{"line":10,"column":13}},"loc":{"start":{"line":10,"column":18},"end":{"line":16,"column":3}},"line":10},"2":{"name":"voteHelpful","decl":{"start":{"line":18,"column":11},"end":{"line":18,"column":22}},"loc":{"start":{"line":18,"column":25},"end":{"line":26,"column":3}},"line":18},"3":{"name":"(anonymous_3)","decl":{"start":{"line":24,"column":15},"end":{"line":24,"column":16}},"loc":{"start":{"line":24,"column":24},"end":{"line":24,"column":40}},"line":24},"4":{"name":"report","decl":{"start":{"line":28,"column":11},"end":{"line":28,"column":17}},"loc":{"start":{"line":28,"column":20},"end":{"line":35,"column":3}},"line":28},"5":{"name":"(anonymous_5)","decl":{"start":{"line":33,"column":15},"end":{"line":33,"column":16}},"loc":{"start":{"line":33,"column":24},"end":{"line":33,"column":40}},"line":33}},"branchMap":{"0":{"loc":{"start":{"line":19,"column":4},"end":{"line":25,"column":5}},"type":"if","locations":[{"start":{"line":19,"column":4},"end":{"line":25,"column":5}},{"start":{},"end":{}}],"line":19},"1":{"loc":{"start":{"line":29,"column":4},"end":{"line":34,"column":5}},"type":"if","locations":[{"start":{"line":29,"column":4},"end":{"line":34,"column":5}},{"start":{},"end":{}}],"line":29},"2":{"loc":{"start":{"line":41,"column":45},"end":{"line":41,"column":77}},"type":"cond-expr","locations":[{"start":{"line":41,"column":56},"end":{"line":41,"column":66}},{"start":{"line":41,"column":69},"end":{"line":41,"column":77}}],"line":41}},"s":{"0":1,"1":54,"2":54,"3":54,"4":54,"5":54,"6":36,"7":36,"8":36,"9":36,"10":36,"11":0,"12":0,"13":0,"14":0,"15":0,"16":0,"17":0,"18":0,"19":0,"20":54},"f":{"0":54,"1":36,"2":0,"3":0,"4":0,"5":0},"b":{"0":[0,0],"1":[0,0],"2":[0,54]},"_coverageSchema":"1a1c01bbd47fc00a2c39e90264f33305004495a9","hash":"0ec0b6efe79def775874a61e95f505e6b2d1c43b"}
,"/Users/kevinon/Documents/Work/FEC/client/src/components/Questions_Answers/Answers.jsx": {"path":"/Users/kevinon/Documents/Work/FEC/client/src/components/Questions_Answers/Answers.jsx","statementMap":{"0":{"start":{"line":4,"column":14},"end":{"line":60,"column":1}},"1":{"start":{"line":5,"column":34},"end":{"line":5,"column":49}},"2":{"start":{"line":8,"column":4},"end":{"line":8,"column":27}},"3":{"start":{"line":12,"column":2},"end":{"line":18,"column":3}},"4":{"start":{"line":13,"column":4},"end":{"line":13,"column":24}},"5":{"start":{"line":14,"column":9},"end":{"line":18,"column":3}},"6":{"start":{"line":15,"column":4},"end":{"line":15,"column":129}},"7":{"start":{"line":16,"column":9},"end":{"line":18,"column":3}},"8":{"start":{"line":17,"column":4},"end":{"line":17,"column":129}},"9":{"start":{"line":20,"column":2},"end":{"line":59,"column":3}},"10":{"start":{"line":23,"column":8},"end":{"line":55,"column":9}},"11":{"start":{"line":24,"column":10},"end":{"line":38,"column":11}},"12":{"start":{"line":40,"column":10},"end":{"line":54,"column":11}}},"fnMap":{"0":{"name":"(anonymous_0)","decl":{"start":{"line":4,"column":14},"end":{"line":4,"column":15}},"loc":{"start":{"line":4,"column":25},"end":{"line":60,"column":1}},"line":4},"1":{"name":"toggleExpand","decl":{"start":{"line":7,"column":11},"end":{"line":7,"column":23}},"loc":{"start":{"line":7,"column":26},"end":{"line":9,"column":3}},"line":7},"2":{"name":"(anonymous_2)","decl":{"start":{"line":22,"column":28},"end":{"line":22,"column":29}},"loc":{"start":{"line":22,"column":43},"end":{"line":56,"column":7}},"line":22}},"branchMap":{"0":{"loc":{"start":{"line":12,"column":2},"end":{"line":18,"column":3}},"type":"if","locations":[{"start":{"line":12,"column":2},"end":{"line":18,"column":3}},{"start":{"line":14,"column":9},"end":{"line":18,"column":3}}],"line":12},"1":{"loc":{"start":{"line":14,"column":9},"end":{"line":18,"column":3}},"type":"if","locations":[{"start":{"line":14,"column":9},"end":{"line":18,"column":3}},{"start":{"line":16,"column":9},"end":{"line":18,"column":3}}],"line":14},"2":{"loc":{"start":{"line":14,"column":13},"end":{"line":14,"column":53}},"type":"binary-expr","locations":[{"start":{"line":14,"column":13},"end":{"line":14,"column":22}},{"start":{"line":14,"column":26},"end":{"line":14,"column":53}}],"line":14},"3":{"loc":{"start":{"line":15,"column":29},"end":{"line":15,"column":72}},"type":"cond-expr","locations":[{"start":{"line":15,"column":49},"end":{"line":15,"column":63}},{"start":{"line":15,"column":65},"end":{"line":15,"column":72}}],"line":15},"4":{"loc":{"start":{"line":16,"column":9},"end":{"line":18,"column":3}},"type":"if","locations":[{"start":{"line":16,"column":9},"end":{"line":18,"column":3}},{"start":{},"end":{}}],"line":16},"5":{"loc":{"start":{"line":16,"column":13},"end":{"line":16,"column":52}},"type":"binary-expr","locations":[{"start":{"line":16,"column":13},"end":{"line":16,"column":21}},{"start":{"line":16,"column":25},"end":{"line":16,"column":52}}],"line":16},"6":{"loc":{"start":{"line":17,"column":29},"end":{"line":17,"column":72}},"type":"cond-expr","locations":[{"start":{"line":17,"column":49},"end":{"line":17,"column":63}},{"start":{"line":17,"column":65},"end":{"line":17,"column":72}}],"line":17},"7":{"loc":{"start":{"line":23,"column":8},"end":{"line":55,"column":9}},"type":"if","locations":[{"start":{"line":23,"column":8},"end":{"line":55,"column":9}},{"start":{"line":39,"column":15},"end":{"line":55,"column":9}}],"line":23},"8":{"loc":{"start":{"line":25,"column":51},"end":{"line":25,"column":94}},"type":"cond-expr","locations":[{"start":{"line":25,"column":71},"end":{"line":25,"column":85}},{"start":{"line":25,"column":87},"end":{"line":25,"column":94}}],"line":25},"9":{"loc":{"start":{"line":41,"column":51},"end":{"line":41,"column":105}},"type":"cond-expr","locations":[{"start":{"line":41,"column":82},"end":{"line":41,"column":96}},{"start":{"line":41,"column":98},"end":{"line":41,"column":105}}],"line":41},"10":{"loc":{"start":{"line":41,"column":52},"end":{"line":41,"column":78}},"type":"binary-expr","locations":[{"start":{"line":41,"column":52},"end":{"line":41,"column":69}},{"start":{"line":41,"column":73},"end":{"line":41,"column":78}}],"line":41}},"s":{"0":1,"1":12,"2":1,"3":12,"4":4,"5":8,"6":7,"7":1,"8":1,"9":12,"10":24,"11":3,"12":21},"f":{"0":12,"1":1,"2":24},"b":{"0":[4,8],"1":[7,1],"2":[8,7],"3":[2,5],"4":[1,0],"5":[1,1],"6":[1,0],"7":[3,21],"8":[3,0],"9":[4,17],"10":[21,6]},"_coverageSchema":"1a1c01bbd47fc00a2c39e90264f33305004495a9","hash":"18b763ac575c8b9a12c48958cfc7c9c12ad687b0"}
,"/Users/kevinon/Documents/Work/FEC/client/src/components/Questions_Answers/SingleQA.jsx": {"path":"/Users/kevinon/Documents/Work/FEC/client/src/components/Questions_Answers/SingleQA.jsx","statementMap":{"0":{"start":{"line":10,"column":4},"end":{"line":10,"column":17}},"1":{"start":{"line":11,"column":4},"end":{"line":14,"column":5}},"2":{"start":{"line":19,"column":4},"end":{"line":25,"column":8}},"3":{"start":{"line":21,"column":8},"end":{"line":24,"column":10}},"4":{"start":{"line":22,"column":58},"end":{"line":22,"column":87}},"5":{"start":{"line":29,"column":4},"end":{"line":29,"column":23}},"6":{"start":{"line":30,"column":4},"end":{"line":32,"column":6}},"7":{"start":{"line":31,"column":6},"end":{"line":31,"column":46}},"8":{"start":{"line":36,"column":4},"end":{"line":44,"column":5}},"9":{"start":{"line":38,"column":54},"end":{"line":38,"column":77}}},"fnMap":{"0":{"name":"(anonymous_0)","decl":{"start":{"line":9,"column":2},"end":{"line":9,"column":3}},"loc":{"start":{"line":9,"column":21},"end":{"line":15,"column":3}},"line":9},"1":{"name":"(anonymous_1)","decl":{"start":{"line":17,"column":2},"end":{"line":17,"column":3}},"loc":{"start":{"line":17,"column":22},"end":{"line":26,"column":3}},"line":17},"2":{"name":"(anonymous_2)","decl":{"start":{"line":20,"column":12},"end":{"line":20,"column":13}},"loc":{"start":{"line":20,"column":23},"end":{"line":25,"column":7}},"line":20},"3":{"name":"(anonymous_3)","decl":{"start":{"line":22,"column":48},"end":{"line":22,"column":49}},"loc":{"start":{"line":22,"column":58},"end":{"line":22,"column":87}},"line":22},"4":{"name":"(anonymous_4)","decl":{"start":{"line":28,"column":2},"end":{"line":28,"column":3}},"loc":{"start":{"line":28,"column":21},"end":{"line":33,"column":3}},"line":28},"5":{"name":"(anonymous_5)","decl":{"start":{"line":30,"column":18},"end":{"line":30,"column":19}},"loc":{"start":{"line":30,"column":29},"end":{"line":32,"column":5}},"line":30},"6":{"name":"(anonymous_6)","decl":{"start":{"line":35,"column":2},"end":{"line":35,"column":3}},"loc":{"start":{"line":35,"column":11},"end":{"line":45,"column":3}},"line":35},"7":{"name":"(anonymous_7)","decl":{"start":{"line":38,"column":47},"end":{"line":38,"column":48}},"loc":{"start":{"line":38,"column":54},"end":{"line":38,"column":77}},"line":38}},"branchMap":{},"s":{"0":4,"1":4,"2":4,"3":4,"4":10,"5":3,"6":3,"7":3,"8":11,"9":3},"f":{"0":4,"1":4,"2":4,"3":10,"4":3,"5":3,"6":11,"7":3},"b":{},"_coverageSchema":"1a1c01bbd47fc00a2c39e90264f33305004495a9","hash":"f58054667ecfbcd7c4e3203c10e6b5f1eea95177"}
,"/Users/kevinon/Documents/Work/FEC/client/src/components/RIC_Component/ProductCard.jsx": {"path":"/Users/kevinon/Documents/Work/FEC/client/src/components/RIC_Component/ProductCard.jsx","statementMap":{"0":{"start":{"line":5,"column":19},"end":{"line":16,"column":1}},"1":{"start":{"line":6,"column":2},"end":{"line":15,"column":8}}},"fnMap":{"0":{"name":"(anonymous_0)","decl":{"start":{"line":5,"column":19},"end":{"line":5,"column":20}},"loc":{"start":{"line":6,"column":2},"end":{"line":15,"column":8}},"line":6}},"branchMap":{"0":{"loc":{"start":{"line":8,"column":5},"end":{"line":10,"column":122}},"type":"cond-expr","locations":[{"start":{"line":9,"column":6},"end":{"line":9,"column":119}},{"start":{"line":10,"column":6},"end":{"line":10,"column":122}}],"line":8}},"s":{"0":1,"1":4},"f":{"0":4},"b":{"0":[4,0]},"_coverageSchema":"1a1c01bbd47fc00a2c39e90264f33305004495a9","hash":"e92500ef180a5d410321ba97d146cbcb97db330c"}
,"/Users/kevinon/Documents/Work/FEC/client/src/components/common/5star.jsx": {"path":"/Users/kevinon/Documents/Work/FEC/client/src/components/common/5star.jsx","statementMap":{"0":{"start":{"line":3,"column":12},"end":{"line":27,"column":1}},"1":{"start":{"line":4,"column":16},"end":{"line":4,"column":40}},"2":{"start":{"line":5,"column":2},"end":{"line":5,"column":21}},"3":{"start":{"line":6,"column":2},"end":{"line":26,"column":4}}},"fnMap":{"0":{"name":"(anonymous_0)","decl":{"start":{"line":3,"column":12},"end":{"line":3,"column":13}},"loc":{"start":{"line":3,"column":23},"end":{"line":27,"column":1}},"line":3}},"branchMap":{},"s":{"0":1,"1":4,"2":4,"3":4},"f":{"0":4},"b":{},"_coverageSchema":"1a1c01bbd47fc00a2c39e90264f33305004495a9","hash":"0169a28ec1439513579cb05348fc87599b6b20fa"}
,"/Users/kevinon/Documents/Work/FEC/client/src/components/overview/Gallery.js": {"path":"/Users/kevinon/Documents/Work/FEC/client/src/components/overview/Gallery.js","statementMap":{"0":{"start":{"line":6,"column":16},"end":{"line":50,"column":1}},"1":{"start":{"line":8,"column":44},"end":{"line":8,"column":55}},"2":{"start":{"line":10,"column":30},"end":{"line":25,"column":5}},"3":{"start":{"line":12,"column":6},"end":{"line":24,"column":7}},"4":{"start":{"line":13,"column":8},"end":{"line":13,"column":26}},"5":{"start":{"line":14,"column":13},"end":{"line":24,"column":7}},"6":{"start":{"line":15,"column":8},"end":{"line":15,"column":48}},"7":{"start":{"line":17,"column":8},"end":{"line":23,"column":9}},"8":{"start":{"line":19,"column":12},"end":{"line":19,"column":46}},"9":{"start":{"line":20,"column":12},"end":{"line":20,"column":18}},"10":{"start":{"line":22,"column":12},"end":{"line":22,"column":46}},"11":{"start":{"line":28,"column":4},"end":{"line":49,"column":5}},"12":{"start":{"line":37,"column":27},"end":{"line":37,"column":49}},"13":{"start":{"line":43,"column":27},"end":{"line":43,"column":49}}},"fnMap":{"0":{"name":"(anonymous_0)","decl":{"start":{"line":6,"column":16},"end":{"line":6,"column":17}},"loc":{"start":{"line":6,"column":27},"end":{"line":50,"column":1}},"line":6},"1":{"name":"(anonymous_1)","decl":{"start":{"line":10,"column":30},"end":{"line":10,"column":31}},"loc":{"start":{"line":10,"column":44},"end":{"line":25,"column":5}},"line":10},"2":{"name":"(anonymous_2)","decl":{"start":{"line":37,"column":21},"end":{"line":37,"column":22}},"loc":{"start":{"line":37,"column":27},"end":{"line":37,"column":49}},"line":37},"3":{"name":"(anonymous_3)","decl":{"start":{"line":43,"column":21},"end":{"line":43,"column":22}},"loc":{"start":{"line":43,"column":27},"end":{"line":43,"column":49}},"line":43}},"branchMap":{"0":{"loc":{"start":{"line":12,"column":6},"end":{"line":24,"column":7}},"type":"if","locations":[{"start":{"line":12,"column":6},"end":{"line":24,"column":7}},{"start":{"line":14,"column":13},"end":{"line":24,"column":7}}],"line":12},"1":{"loc":{"start":{"line":14,"column":13},"end":{"line":24,"column":7}},"type":"if","locations":[{"start":{"line":14,"column":13},"end":{"line":24,"column":7}},{"start":{"line":16,"column":13},"end":{"line":24,"column":7}}],"line":14},"2":{"loc":{"start":{"line":17,"column":8},"end":{"line":23,"column":9}},"type":"switch","locations":[{"start":{"line":18,"column":10},"end":{"line":20,"column":18}},{"start":{"line":21,"column":10},"end":{"line":22,"column":46}}],"line":17}},"s":{"0":1,"1":0,"2":0,"3":0,"4":0,"5":0,"6":0,"7":0,"8":0,"9":0,"10":0,"11":0,"12":0,"13":0},"f":{"0":0,"1":0,"2":0,"3":0},"b":{"0":[0,0],"1":[0,0],"2":[0,0]},"_coverageSchema":"1a1c01bbd47fc00a2c39e90264f33305004495a9","hash":"a91515e43c67e2e43fe6d2a15e046ee78dc4ce47"}
,"/Users/kevinon/Documents/Work/FEC/server/lib/sendRequest.js": {"path":"/Users/kevinon/Documents/Work/FEC/server/lib/sendRequest.js","statementMap":{"0":{"start":{"line":1,"column":14},"end":{"line":1,"column":30}},"1":{"start":{"line":2,"column":16},"end":{"line":2,"column":39}},"2":{"start":{"line":8,"column":20},"end":{"line":20,"column":1}},"3":{"start":{"line":10,"column":2},"end":{"line":18,"column":4}},"4":{"start":{"line":22,"column":0},"end":{"line":22,"column":29}}},"fnMap":{"0":{"name":"(anonymous_0)","decl":{"start":{"line":8,"column":20},"end":{"line":8,"column":21}},"loc":{"start":{"line":8,"column":61},"end":{"line":20,"column":1}},"line":8}},"branchMap":{"0":{"loc":{"start":{"line":8,"column":31},"end":{"line":8,"column":45}},"type":"default-arg","locations":[{"start":{"line":8,"column":40},"end":{"line":8,"column":45}}],"line":8},"1":{"loc":{"start":{"line":8,"column":47},"end":{"line":8,"column":56}},"type":"default-arg","locations":[{"start":{"line":8,"column":54},"end":{"line":8,"column":56}}],"line":8}},"s":{"0":1,"1":1,"2":1,"3":1,"4":1},"f":{"0":1},"b":{"0":[1],"1":[1]},"_coverageSchema":"1a1c01bbd47fc00a2c39e90264f33305004495a9","hash":"9ccdaa200d4d9024824042e238d1a62785642b23"}
}
