TN:
SF:client/src/components/Questions_Answers/AnswerVotingReporting.jsx
FN:4,(anonymous_0)
FN:10,(anonymous_1)
FN:18,voteHelpful
FN:24,(anonymous_3)
FN:28,report
FN:33,(anonymous_5)
FNF:6
FNH:2
FNDA:54,(anonymous_0)
FNDA:36,(anonymous_1)
FNDA:0,voteHelpful
FNDA:0,(anonymous_3)
FNDA:0,report
FNDA:0,(anonymous_5)
DA:4,1
DA:5,54
DA:6,54
DA:7,54
DA:8,54
DA:10,54
DA:11,36
DA:12,36
DA:13,36
DA:15,36
DA:19,0
DA:20,0
DA:22,0
DA:23,0
DA:24,0
DA:29,0
DA:30,0
DA:32,0
DA:33,0
DA:37,54
LF:20
LH:11
BRDA:19,0,0,0
BRDA:19,0,1,0
BRDA:29,1,0,0
BRDA:29,1,1,0
BRDA:41,2,0,0
BRDA:41,2,1,54
BRF:6
BRH:1
end_of_record
TN:
SF:client/src/components/Questions_Answers/Answers.jsx
FN:4,(anonymous_0)
FN:7,toggleExpand
FN:22,(anonymous_2)
FNF:3
FNH:3
FNDA:12,(anonymous_0)
FNDA:1,toggleExpand
FNDA:24,(anonymous_2)
DA:4,1
DA:5,12
DA:8,1
DA:12,12
DA:13,4
DA:14,8
DA:15,7
DA:16,1
DA:17,1
DA:20,12
DA:23,24
DA:24,3
DA:40,21
LF:13
LH:13
BRDA:12,0,0,4
BRDA:12,0,1,8
BRDA:14,1,0,7
BRDA:14,1,1,1
BRDA:14,2,0,8
BRDA:14,2,1,7
BRDA:15,3,0,2
BRDA:15,3,1,5
BRDA:16,4,0,1
BRDA:16,4,1,0
BRDA:16,5,0,1
BRDA:16,5,1,1
BRDA:17,6,0,1
BRDA:17,6,1,0
BRDA:23,7,0,3
BRDA:23,7,1,21
BRDA:25,8,0,3
BRDA:25,8,1,0
BRDA:41,9,0,4
BRDA:41,9,1,17
BRDA:41,10,0,21
BRDA:41,10,1,6
BRF:22
BRH:19
end_of_record
TN:
SF:client/src/components/Questions_Answers/SingleQA.jsx
FN:9,(anonymous_0)
FN:17,(anonymous_1)
FN:20,(anonymous_2)
FN:22,(anonymous_3)
FN:28,(anonymous_4)
FN:30,(anonymous_5)
FN:35,(anonymous_6)
FN:38,(anonymous_7)
FNF:8
FNH:8
FNDA:4,(anonymous_0)
FNDA:4,(anonymous_1)
FNDA:4,(anonymous_2)
FNDA:10,(anonymous_3)
FNDA:3,(anonymous_4)
FNDA:3,(anonymous_5)
FNDA:11,(anonymous_6)
FNDA:3,(anonymous_7)
DA:10,4
DA:11,4
DA:19,4
DA:21,4
DA:22,10
DA:29,3
DA:30,3
DA:31,3
DA:36,11
DA:38,3
LF:10
LH:10
BRF:0
BRH:0
end_of_record
TN:
SF:client/src/components/overview/Gallery.js
FN:8,(anonymous_0)
FN:12,(anonymous_1)
FN:30,(anonymous_2)
FN:34,(anonymous_3)
FN:36,(anonymous_4)
FN:39,(anonymous_5)
FN:63,(anonymous_6)
FN:69,(anonymous_7)
FNF:8
FNH:6
FNDA:6,(anonymous_0)
FNDA:2,(anonymous_1)
FNDA:0,(anonymous_2)
FNDA:6,(anonymous_3)
FNDA:10,(anonymous_4)
FNDA:0,(anonymous_5)
FNDA:1,(anonymous_6)
FNDA:1,(anonymous_7)
DA:8,1
DA:10,6
DA:12,6
DA:13,2
DA:14,1
DA:15,1
DA:18,0
DA:20,1
DA:21,1
DA:22,0
DA:25,1
DA:30,6
DA:31,0
DA:34,6
DA:35,6
DA:36,5
DA:37,10
DA:39,0
DA:45,1
DA:53,6
DA:63,1
DA:69,1
LF:22
LH:18
BRDA:13,0,0,1
BRDA:13,0,1,1
BRDA:14,1,0,1
BRDA:14,1,1,0
BRDA:20,2,0,1
BRDA:20,2,1,0
BRDA:21,3,0,0
BRDA:21,3,1,1
BRDA:35,4,0,5
BRDA:35,4,1,1
BRDA:40,5,0,5
BRDA:40,5,1,5
BRDA:67,6,0,5
BRDA:67,6,1,1
BRF:14
BRH:11
end_of_record
